<?xml version="1.0" encoding="UTF-8"?>
<!-- Generated by org.testng.reporters.JUnitReportReporter -->
<testsuite hostname="LAPTOP-OFCSML2Q" failures="0" tests="5" name="testCases.TC_003_LoginDDT" time="37.106" errors="0" timestamp="2025-08-31T21:23:24 IST" skipped="0">
  <testcase classname="testCases.TC_003_LoginDDT" name="testLoginDDT" time="11.115"/>
  <testcase classname="testCases.TC_003_LoginDDT" name="testLoginDDT" time="10.763"/>
  <testcase classname="testCases.TC_003_LoginDDT" name="testLoginDDT" time="1.754"/>
  <testcase classname="testCases.TC_003_LoginDDT" name="testLoginDDT" time="1.883"/>
  <testcase classname="testCases.TC_003_LoginDDT" name="testLoginDDT" time="11.591"/>
</testsuite> <!-- testCases.TC_003_LoginDDT -->
