<?xml version="1.0" encoding="UTF-8"?>
<!-- Generated by org.testng.reporters.JUnitReportReporter -->
<testsuite hostname="LAPTOP-OFCSML2Q" failures="0" tests="1" name="testCases.TC_001_AccountRegistrationTest" time="1.416" errors="0" timestamp="2025-09-06T20:43:12 IST" skipped="0">
  <testcase classname="testCases.TC_001_AccountRegistrationTest" name="test_AccountRegistration" time="1.416"/>
</testsuite> <!-- testCases.TC_001_AccountRegistrationTest -->
