<?xml version="1.0" encoding="UTF-8"?>
<!-- Generated by org.testng.reporters.JUnitReportReporter -->
<testsuite hostname="LAPTOP-OFCSML2Q" failures="0" tests="1" name="testCases.TC_002_LoginTest" time="1.254" errors="0" timestamp="2025-10-04T13:46:57 IST" skipped="0">
  <testcase classname="testCases.TC_002_LoginTest" name="testLogin" time="1.254"/>
</testsuite> <!-- testCases.TC_002_LoginTest -->
